d:\документы\университет\3 семестр\яп\кп\chaw-2017\chaw-2017\debug\vc141.pdb
d:\документы\университет\3 семестр\яп\кп\chaw-2017\chaw-2017\debug\chaw-2017.pch
d:\документы\университет\3 семестр\яп\кп\chaw-2017\chaw-2017\debug\vc141.idb
d:\документы\университет\3 семестр\яп\кп\chaw-2017\chaw-2017\debug\lexer.obj
d:\документы\университет\3 семестр\яп\кп\chaw-2017\chaw-2017\debug\stdafx.obj
d:\документы\университет\3 семестр\яп\кп\chaw-2017\chaw-2017\debug\chaw-2017.obj
d:\документы\университет\3 семестр\яп\кп\chaw-2017\chaw-2017\debug\fst.obj
d:\документы\университет\3 семестр\яп\кп\chaw-2017\debug\chaw-2017.exe
d:\документы\университет\3 семестр\яп\кп\chaw-2017\debug\chaw-2017.ilk
d:\документы\университет\3 семестр\яп\кп\chaw-2017\debug\chaw-2017.pdb
d:\документы\университет\3 семестр\яп\кп\chaw-2017\chaw-2017\debug\chaw-2017.tlog\cl.command.1.tlog
d:\документы\университет\3 семестр\яп\кп\chaw-2017\chaw-2017\debug\chaw-2017.tlog\cl.read.1.tlog
d:\документы\университет\3 семестр\яп\кп\chaw-2017\chaw-2017\debug\chaw-2017.tlog\cl.write.1.tlog
d:\документы\университет\3 семестр\яп\кп\chaw-2017\chaw-2017\debug\chaw-2017.tlog\link.8768-cvtres.read.1.tlog
d:\документы\университет\3 семестр\яп\кп\chaw-2017\chaw-2017\debug\chaw-2017.tlog\link.8768-cvtres.write.1.tlog
d:\документы\университет\3 семестр\яп\кп\chaw-2017\chaw-2017\debug\chaw-2017.tlog\link.8768-rc.read.1.tlog
d:\документы\университет\3 семестр\яп\кп\chaw-2017\chaw-2017\debug\chaw-2017.tlog\link.8768-rc.write.1.tlog
d:\документы\университет\3 семестр\яп\кп\chaw-2017\chaw-2017\debug\chaw-2017.tlog\link.8768.read.1.tlog
d:\документы\университет\3 семестр\яп\кп\chaw-2017\chaw-2017\debug\chaw-2017.tlog\link.8768.write.1.tlog
d:\документы\университет\3 семестр\яп\кп\chaw-2017\chaw-2017\debug\chaw-2017.tlog\link.command.1.tlog
d:\документы\университет\3 семестр\яп\кп\chaw-2017\chaw-2017\debug\chaw-2017.tlog\link.read.1.tlog
d:\документы\университет\3 семестр\яп\кп\chaw-2017\chaw-2017\debug\chaw-2017.tlog\link.write.1.tlog
